<?xml version="1.0" encoding="utf-8" standalone="no"?>
<!--This file represents the results of running a test suite-->
<test-results name="C:\Users\kripa.kalyanraman\Source\Repos\CSYE-62026\HealthRecordApp\HealthRecordApp.Tests\bin\Debug\HealthRecordApp.Tests.dll" total="24" errors="0" failures="0" not-run="0" inconclusive="0" ignored="0" skipped="0" invalid="0" date="2015-10-16" time="13:51:21">
  <environment nunit-version="2.6.4.14350" clr-version="2.0.50727.8000" os-version="Microsoft Windows NT 6.2.9200.0" platform="Win32NT" cwd="C:\Program Files (x86)\NUnit 2.6.4\bin" machine-name="KRIPAKALYAN" user="kripa.kalyanraman" user-domain="KripaKalyan" />
  <culture-info current-culture="en-US" current-uiculture="en-US" />
  <test-suite type="Assembly" name="C:\Users\kripa.kalyanraman\Source\Repos\CSYE-62026\HealthRecordApp\HealthRecordApp.Tests\bin\Debug\HealthRecordApp.Tests.dll" executed="True" result="Success" success="True" time="0.467" asserts="0">
    <results>
      <test-suite type="Namespace" name="HealthRecordApp" executed="True" result="Success" success="True" time="0.434" asserts="0">
        <results>
          <test-suite type="Namespace" name="Tests" executed="True" result="Success" success="True" time="0.433" asserts="0">
            <results>
              <test-suite type="TestFixture" name="WhenRunningHealthRecordApp" executed="True" result="Success" success="True" time="0.429" asserts="0">
                <results>
                  <test-case name="HealthRecordApp.Tests.WhenRunningHealthRecordApp.When_TestingCalculateAge_GivenCurrentYearAndPatientBirthYear_ReturnsCorrectAge" executed="True" result="Success" success="True" time="0.071" asserts="1" />
                  <test-case name="HealthRecordApp.Tests.WhenRunningHealthRecordApp.When_TestingCalculateBMI_GivenWeightAndHeight_ReturnsCorrectBMI" executed="True" result="Success" success="True" time="0.008" asserts="1" />
                  <test-case name="HealthRecordApp.Tests.WhenRunningHealthRecordApp.When_TestingCalculateMaxHeartRate_GivenAge_ReturnsCorrectMaxHeartRate" executed="True" result="Success" success="True" time="0.001" asserts="1" />
                  <test-case name="HealthRecordApp.Tests.WhenRunningHealthRecordApp.When_TestingCustomConstructor_ResultShouldNotBeNull" executed="True" result="Success" success="True" time="0.021" asserts="1" />
                  <test-case name="HealthRecordApp.Tests.WhenRunningHealthRecordApp.When_TestingDefaultConstructor_ResultShouldNotBeNull" executed="True" result="Success" success="True" time="0.001" asserts="1" />
                  <test-case name="HealthRecordApp.Tests.WhenRunningHealthRecordApp.When_TestingValidateDateOfBirth_IfDOBIsGreaterThanCurrentDateTime_ResultShouldBeFalse" executed="True" result="Success" success="True" time="0.009" asserts="2" />
                  <test-case name="HealthRecordApp.Tests.WhenRunningHealthRecordApp.When_TestingValidateDateOfBirth_IfDOBIsNotAValidDateTime_ResultShouldBeFalse" executed="True" result="Success" success="True" time="0.001" asserts="2" />
                  <test-case name="HealthRecordApp.Tests.WhenRunningHealthRecordApp.When_TestingValidateFirstName_IfDOBIsAValidDateTime_ResultShouldBeTrue" executed="True" result="Success" success="True" time="0.002" asserts="2" />
                  <test-case name="HealthRecordApp.Tests.WhenRunningHealthRecordApp.When_TestingValidateFirstName_IfFirstNameIsAllWhiteSpaces_ResultShouldBeFalse" executed="True" result="Success" success="True" time="0.001" asserts="1" />
                  <test-case name="HealthRecordApp.Tests.WhenRunningHealthRecordApp.When_TestingValidateFirstName_IfFirstNameIsEmpty_ResultShouldBeFalse" executed="True" result="Success" success="True" time="0.001" asserts="1" />
                  <test-case name="HealthRecordApp.Tests.WhenRunningHealthRecordApp.When_TestingValidateFirstName_IfFirstNameIsNull_ResultShouldBeFalse" executed="True" result="Success" success="True" time="0.001" asserts="1" />
                  <test-case name="HealthRecordApp.Tests.WhenRunningHealthRecordApp.When_TestingValidateFirstName_IfFirstNameIsValid_ResultShouldBeTrue" executed="True" result="Success" success="True" time="0.001" asserts="1" />
                  <test-case name="HealthRecordApp.Tests.WhenRunningHealthRecordApp.When_TestingValidateGender_IfGenderIsNotAValidEnum_ResultShouldBeFalse" executed="True" result="Success" success="True" time="0.003" asserts="3" />
                  <test-case name="HealthRecordApp.Tests.WhenRunningHealthRecordApp.When_TestingValidateGender_IfGenderIsValid_ResultShouldBeTrue" executed="True" result="Success" success="True" time="0.002" asserts="6" />
                  <test-case name="HealthRecordApp.Tests.WhenRunningHealthRecordApp.When_TestingValidateHeight_IfHeightIsNotAValidInteger_ResultShouldBeFalse" executed="True" result="Success" success="True" time="0.002" asserts="2" />
                  <test-case name="HealthRecordApp.Tests.WhenRunningHealthRecordApp.When_TestingValidateHeight_IfHeightIsSmallerOrEqualToZero_ResultShouldBeFalse" executed="True" result="Success" success="True" time="0.001" asserts="2" />
                  <test-case name="HealthRecordApp.Tests.WhenRunningHealthRecordApp.When_TestingValidateHeight_IfHeightIsValid_ResultShouldBeTrue" executed="True" result="Success" success="True" time="0.001" asserts="2" />
                  <test-case name="HealthRecordApp.Tests.WhenRunningHealthRecordApp.When_TestingValidateLastName_IfLastNameIsAllWhiteSpaces_ResultShouldBeFalse" executed="True" result="Success" success="True" time="0.001" asserts="1" />
                  <test-case name="HealthRecordApp.Tests.WhenRunningHealthRecordApp.When_TestingValidateLastName_IfLastNameIsEmpty_ResultShouldBeFalse" executed="True" result="Success" success="True" time="0.001" asserts="1" />
                  <test-case name="HealthRecordApp.Tests.WhenRunningHealthRecordApp.When_TestingValidateLastName_IfLastNameIsNull_ResultShouldBeFalse" executed="True" result="Success" success="True" time="0.001" asserts="1" />
                  <test-case name="HealthRecordApp.Tests.WhenRunningHealthRecordApp.When_TestingValidateLastName_IfLastNameIsValid_ResultShouldBeTrue" executed="True" result="Success" success="True" time="0.001" asserts="1" />
                  <test-case name="HealthRecordApp.Tests.WhenRunningHealthRecordApp.When_TestingValidateWeight_IfWeightIsNotAValidInteger_ResultShouldBeFalse" executed="True" result="Success" success="True" time="0.001" asserts="2" />
                  <test-case name="HealthRecordApp.Tests.WhenRunningHealthRecordApp.When_TestingValidateWeight_IfWeightIsSmallerOrEqualToZero_ResultShouldBeFalse" executed="True" result="Success" success="True" time="0.001" asserts="2" />
                  <test-case name="HealthRecordApp.Tests.WhenRunningHealthRecordApp.When_TestingValidateWeight_IfWeightIsValid_ResultShouldBeTrue" executed="True" result="Success" success="True" time="0.001" asserts="2" />
                </results>
              </test-suite>
            </results>
          </test-suite>
        </results>
      </test-suite>
    </results>
  </test-suite>
</test-results>