<?xml version="1.0" encoding="utf-8" standalone="no"?>
<!--This file represents the results of running a test suite-->
<test-results name="C:\Users\kripa.kalyanraman\Source\Repos\CSYE-62026\UnitTestSolution\UnitTestSolution.Tests\bin\Debug\UnitTestSolution.Tests.dll" total="1" errors="0" failures="0" not-run="0" inconclusive="0" ignored="0" skipped="0" invalid="0" date="2015-12-04" time="19:30:20">
  <environment nunit-version="2.6.4.14350" clr-version="2.0.50727.8000" os-version="Microsoft Windows NT 6.2.9200.0" platform="Win32NT" cwd="C:\Program Files (x86)\NUnit 2.6.4\bin" machine-name="KRIPAKALYAN" user="kripa.kalyanraman" user-domain="KripaKalyan" />
  <culture-info current-culture="en-US" current-uiculture="en-US" />
  <test-suite type="Assembly" name="C:\Users\kripa.kalyanraman\Source\Repos\CSYE-62026\UnitTestSolution\UnitTestSolution.Tests\bin\Debug\UnitTestSolution.Tests.dll" executed="True" result="Success" success="True" time="0.243" asserts="0">
    <results>
      <test-suite type="Namespace" name="UnitTestSolution" executed="True" result="Success" success="True" time="0.213" asserts="0">
        <results>
          <test-suite type="Namespace" name="Tests" executed="True" result="Success" success="True" time="0.212" asserts="0">
            <results>
              <test-suite type="TestFixture" name="WhenUsingAccount" executed="True" result="Success" success="True" time="0.209" asserts="0">
                <results>
                  <test-case name="UnitTestSolution.Tests.WhenUsingAccount.WithDraw_ValidAmount_ShouldPass" executed="True" result="Success" success="True" time="0.150" asserts="1" />
                </results>
              </test-suite>
            </results>
          </test-suite>
        </results>
      </test-suite>
    </results>
  </test-suite>
</test-results>